0 info it worked if it ends with ok
1 verbose cli [ '/usr/bin/nodejs', '/usr/bin/npm', 'run', 'gulp', 'dev' ]
2 info using npm@3.5.2
3 info using node@v4.2.6
4 verbose run-script [ 'pregulp', 'gulp', 'postgulp' ]
5 info lifecycle OOP@1.0.0~pregulp: OOP@1.0.0
6 silly lifecycle OOP@1.0.0~pregulp: no script for pregulp, continuing
7 info lifecycle OOP@1.0.0~gulp: OOP@1.0.0
8 verbose lifecycle OOP@1.0.0~gulp: unsafe-perm in lifecycle true
9 verbose lifecycle OOP@1.0.0~gulp: PATH: /usr/share/npm/bin/node-gyp-bin:/projects/autopolive_store/node_modules/.bin:/usr/local/sbin:/usr/local/bin:/usr/sbin:/usr/bin:/sbin:/bin
10 verbose lifecycle OOP@1.0.0~gulp: CWD: /projects/autopolive_store
11 silly lifecycle OOP@1.0.0~gulp: Args: [ '-c', 'gulp "dev"' ]
12 silly lifecycle OOP@1.0.0~gulp: Returned: code: 1  signal: null
13 info lifecycle OOP@1.0.0~gulp: Failed to exec gulp script
14 verbose stack Error: OOP@1.0.0 gulp: `gulp "dev"`
14 verbose stack Exit status 1
14 verbose stack     at EventEmitter.<anonymous> (/usr/share/npm/lib/utils/lifecycle.js:232:16)
14 verbose stack     at emitTwo (events.js:87:13)
14 verbose stack     at EventEmitter.emit (events.js:172:7)
14 verbose stack     at ChildProcess.<anonymous> (/usr/share/npm/lib/utils/spawn.js:24:14)
14 verbose stack     at emitTwo (events.js:87:13)
14 verbose stack     at ChildProcess.emit (events.js:172:7)
14 verbose stack     at maybeClose (internal/child_process.js:821:16)
14 verbose stack     at Process.ChildProcess._handle.onexit (internal/child_process.js:211:5)
15 verbose pkgid OOP@1.0.0
16 verbose cwd /projects/autopolive_store
17 error Linux 4.4.0-31-generic
18 error argv "/usr/bin/nodejs" "/usr/bin/npm" "run" "gulp" "dev"
19 error node v4.2.6
20 error npm  v3.5.2
21 error code ELIFECYCLE
22 error OOP@1.0.0 gulp: `gulp "dev"`
22 error Exit status 1
23 error Failed at the OOP@1.0.0 gulp script 'gulp "dev"'.
23 error Make sure you have the latest version of node.js and npm installed.
23 error If you do, this is most likely a problem with the OOP package,
23 error not with npm itself.
23 error Tell the author that this fails on your system:
23 error     gulp "dev"
23 error You can get information on how to open an issue for this project with:
23 error     npm bugs OOP
23 error Or if that isn't available, you can get their info via:
23 error     npm owner ls OOP
23 error There is likely additional logging output above.
24 verbose exit [ 1, true ]
